2013/04/28 04:26:11 [error] [exception.CHttpException.404] exception 'CHttpException' with message 'Unable to resolve the request "gii".' in /Users/Arkham/yii/framework/web/CWebApplication.php:281
Stack trace:
#0 /Users/Arkham/yii/framework/web/CWebApplication.php(136): CWebApplication->runController('gii')
#1 /Users/Arkham/yii/framework/base/CApplication.php(158): CWebApplication->processRequest()
#2 /Users/Arkham/Sites/sn/index.php(13): CApplication->run()
#3 {main} REQUEST_URI=/~arkham/sn/index.php/gii
2013/04/28 05:43:03 [error] [exception.CHttpException.404] exception 'CHttpException' with message 'Unable to resolve the request "empresa/hola".' in /Users/Arkham/yii/framework/web/CWebApplication.php:281
Stack trace:
#0 /Users/Arkham/yii/framework/web/CWebApplication.php(136): CWebApplication->runController('empresa/hola')
#1 /Users/Arkham/yii/framework/base/CApplication.php(158): CWebApplication->processRequest()
#2 /Users/Arkham/Sites/sn/index.php(13): CApplication->run()
#3 {main} REQUEST_URI=/~arkham/sn/index.php/empresa/hola
2013/04/28 05:43:29 [error] [exception.CHttpException.404] exception 'CHttpException' with message 'Unable to resolve the request "Empresa/hola".' in /Users/Arkham/yii/framework/web/CWebApplication.php:281
Stack trace:
#0 /Users/Arkham/yii/framework/web/CWebApplication.php(136): CWebApplication->runController('Empresa/hola')
#1 /Users/Arkham/yii/framework/base/CApplication.php(158): CWebApplication->processRequest()
#2 /Users/Arkham/Sites/sn/index.php(13): CApplication->run()
#3 {main} REQUEST_URI=/~arkham/sn/index.php/Empresa/hola
2013/04/28 05:43:35 [error] [exception.CHttpException.404] exception 'CHttpException' with message 'Unable to resolve the request "Empresa/Hola".' in /Users/Arkham/yii/framework/web/CWebApplication.php:281
Stack trace:
#0 /Users/Arkham/yii/framework/web/CWebApplication.php(136): CWebApplication->runController('Empresa/Hola')
#1 /Users/Arkham/yii/framework/base/CApplication.php(158): CWebApplication->processRequest()
#2 /Users/Arkham/Sites/sn/index.php(13): CApplication->run()
#3 {main} REQUEST_URI=/~arkham/sn/index.php/Empresa/Hola
2013/04/28 06:03:55 [error] [exception.CHttpException.404] exception 'CHttpException' with message 'The system is unable to find the requested action "styles.css".' in /Users/Arkham/yii/framework/web/CController.php:477
Stack trace:
#0 /Users/Arkham/yii/framework/web/CController.php(262): CController->missingAction('styles.css')
#1 /Users/Arkham/yii/framework/web/CWebApplication.php(277): CController->run('styles.css')
#2 /Users/Arkham/yii/framework/web/CWebApplication.php(136): CWebApplication->runController('empresa/styles....')
#3 /Users/Arkham/yii/framework/base/CApplication.php(158): CWebApplication->processRequest()
#4 /Users/Arkham/Sites/sn/index.php(13): CApplication->run()
#5 {main} REQUEST_URI=/~arkham/sn/index.php/empresa/styles.css
2013/04/28 07:04:25 [error] [exception.CHttpException.404] exception 'CHttpException' with message 'The system is unable to find the requested action "index.html".' in /Users/Arkham/yii/framework/web/CController.php:477
Stack trace:
#0 /Users/Arkham/yii/framework/web/CController.php(262): CController->missingAction('index.html')
#1 /Users/Arkham/yii/framework/web/CWebApplication.php(277): CController->run('index.html')
#2 /Users/Arkham/yii/framework/web/CWebApplication.php(136): CWebApplication->runController('empresa/index.h...')
#3 /Users/Arkham/yii/framework/base/CApplication.php(158): CWebApplication->processRequest()
#4 /Users/Arkham/Sites/sn/index.php(13): CApplication->run()
#5 {main} REQUEST_URI=/~arkham/sn/index.php/empresa/index.html
2013/04/28 23:29:18 [error] [exception.CHttpException.404] exception 'CHttpException' with message 'The system is unable to find the requested action "index".' in /Users/Arkham/yii/framework/web/CController.php:477
Stack trace:
#0 /Users/Arkham/yii/framework/web/CController.php(262): CController->missingAction('index')
#1 /Users/Arkham/yii/framework/web/CWebApplication.php(277): CController->run('index')
#2 /Users/Arkham/yii/framework/web/CWebApplication.php(136): CWebApplication->runController('empresa/index')
#3 /Users/Arkham/yii/framework/base/CApplication.php(158): CWebApplication->processRequest()
#4 /Users/Arkham/Sites/sn/index.php(13): CApplication->run()
#5 {main} REQUEST_URI=/~arkham/sn/index.php/empresa/index
2013/04/28 23:29:46 [error] [exception.CHttpException.404] exception 'CHttpException' with message 'The system is unable to find the requested action "index".' in /Users/Arkham/yii/framework/web/CController.php:477
Stack trace:
#0 /Users/Arkham/yii/framework/web/CController.php(262): CController->missingAction('index')
#1 /Users/Arkham/yii/framework/web/CWebApplication.php(277): CController->run('index')
#2 /Users/Arkham/yii/framework/web/CWebApplication.php(136): CWebApplication->runController('empresa/index')
#3 /Users/Arkham/yii/framework/base/CApplication.php(158): CWebApplication->processRequest()
#4 /Users/Arkham/Sites/sn/index.php(13): CApplication->run()
#5 {main} REQUEST_URI=/~arkham/sn/index.php/empresa/index
2013/04/28 23:37:33 [error] [exception.CHttpException.404] exception 'CHttpException' with message 'The system is unable to find the requested action "index".' in /Users/Arkham/yii/framework/web/CController.php:477
Stack trace:
#0 /Users/Arkham/yii/framework/web/CController.php(262): CController->missingAction('index')
#1 /Users/Arkham/yii/framework/web/CWebApplication.php(277): CController->run('index')
#2 /Users/Arkham/yii/framework/web/CWebApplication.php(136): CWebApplication->runController('empresa/index')
#3 /Users/Arkham/yii/framework/base/CApplication.php(158): CWebApplication->processRequest()
#4 /Users/Arkham/Sites/sn/index.php(13): CApplication->run()
#5 {main} REQUEST_URI=/~arkham/sn/index.php/empresa/index
2013/04/28 23:43:06 [error] [exception.CHttpException.404] exception 'CHttpException' with message 'The system is unable to find the requested action "index".' in /Users/Arkham/yii/framework/web/CController.php:477
Stack trace:
#0 /Users/Arkham/yii/framework/web/CController.php(262): CController->missingAction('index')
#1 /Users/Arkham/yii/framework/web/CWebApplication.php(277): CController->run('index')
#2 /Users/Arkham/yii/framework/web/CWebApplication.php(136): CWebApplication->runController('empresa/index')
#3 /Users/Arkham/yii/framework/base/CApplication.php(158): CWebApplication->processRequest()
#4 /Users/Arkham/Sites/sn/index.php(13): CApplication->run()
#5 {main} REQUEST_URI=/~arkham/sn/index.php/empresa/index
2013/04/28 23:50:39 [error] [exception.CHttpException.404] exception 'CHttpException' with message 'The system is unable to find the requested action "index".' in /Users/Arkham/yii/framework/web/CController.php:477
Stack trace:
#0 /Users/Arkham/yii/framework/web/CController.php(262): CController->missingAction('index')
#1 /Users/Arkham/yii/framework/web/CWebApplication.php(277): CController->run('index')
#2 /Users/Arkham/yii/framework/web/CWebApplication.php(136): CWebApplication->runController('empresa/index')
#3 /Users/Arkham/yii/framework/base/CApplication.php(158): CWebApplication->processRequest()
#4 /Users/Arkham/Sites/sn/index.php(13): CApplication->run()
#5 {main} REQUEST_URI=/~arkham/sn/index.php/empresa/index
2013/04/28 23:54:49 [error] [exception.CHttpException.404] exception 'CHttpException' with message 'The system is unable to find the requested action "index".' in /Users/Arkham/yii/framework/web/CController.php:477
Stack trace:
#0 /Users/Arkham/yii/framework/web/CController.php(262): CController->missingAction('index')
#1 /Users/Arkham/yii/framework/web/CWebApplication.php(277): CController->run('index')
#2 /Users/Arkham/yii/framework/web/CWebApplication.php(136): CWebApplication->runController('empresa/index')
#3 /Users/Arkham/yii/framework/base/CApplication.php(158): CWebApplication->processRequest()
#4 /Users/Arkham/Sites/sn/index.php(13): CApplication->run()
#5 {main} REQUEST_URI=/~arkham/sn/index.php/empresa/index
2013/04/28 23:54:53 [error] [exception.CHttpException.404] exception 'CHttpException' with message 'The system is unable to find the requested action "index".' in /Users/Arkham/yii/framework/web/CController.php:477
Stack trace:
#0 /Users/Arkham/yii/framework/web/CController.php(262): CController->missingAction('index')
#1 /Users/Arkham/yii/framework/web/CWebApplication.php(277): CController->run('index')
#2 /Users/Arkham/yii/framework/web/CWebApplication.php(136): CWebApplication->runController('empresa/index')
#3 /Users/Arkham/yii/framework/base/CApplication.php(158): CWebApplication->processRequest()
#4 /Users/Arkham/Sites/sn/index.php(13): CApplication->run()
#5 {main} REQUEST_URI=/~arkham/sn/index.php/empresa/index
2013/04/28 23:55:00 [error] [exception.CHttpException.404] exception 'CHttpException' with message 'The system is unable to find the requested action "index".' in /Users/Arkham/yii/framework/web/CController.php:477
Stack trace:
#0 /Users/Arkham/yii/framework/web/CController.php(262): CController->missingAction('index')
#1 /Users/Arkham/yii/framework/web/CWebApplication.php(277): CController->run('index')
#2 /Users/Arkham/yii/framework/web/CWebApplication.php(136): CWebApplication->runController('empresa/index')
#3 /Users/Arkham/yii/framework/base/CApplication.php(158): CWebApplication->processRequest()
#4 /Users/Arkham/Sites/sn/index.php(13): CApplication->run()
#5 {main} REQUEST_URI=/~arkham/sn/index.php/empresa/index
2013/04/29 00:46:31 [error] [php] include(CHtm.php) [<a href='function.include'>function.include</a>]: failed to open stream: No such file or directory (/Users/Arkham/yii/framework/YiiBase.php:421)
Stack trace:
#0 /Users/Arkham/Sites/sn/protected/views/empresa/_view.php(3): spl_autoload_call()
#1 /Users/Arkham/yii/framework/web/CBaseController.php(119): require()
#2 /Users/Arkham/yii/framework/web/CBaseController.php(88): EmpresaController->renderInternal()
#3 /Users/Arkham/yii/framework/web/CController.php(866): EmpresaController->renderFile()
#4 /Users/Arkham/yii/framework/zii/widgets/CListView.php(242): EmpresaController->renderPartial()
#5 /Users/Arkham/yii/framework/zii/widgets/CBaseListView.php(158): CListView->renderItems()
#6 unknown(0): CListView->renderSection()
#7 /Users/Arkham/yii/framework/zii/widgets/CBaseListView.php(141): preg_replace_callback()
#8 /Users/Arkham/yii/framework/zii/widgets/CBaseListView.php(126): CListView->renderContent()
#9 /Users/Arkham/yii/framework/web/CBaseController.php(166): CListView->run()
#10 /Users/Arkham/Sites/sn/protected/views/empresa/index.php(3): EmpresaController->widget()
#11 /Users/Arkham/yii/framework/web/CBaseController.php(119): require()
#12 /Users/Arkham/yii/framework/web/CBaseController.php(88): EmpresaController->renderInternal()
#13 /Users/Arkham/yii/framework/web/CController.php(866): EmpresaController->renderFile()
#14 /Users/Arkham/yii/framework/web/CController.php(779): EmpresaController->renderPartial()
#15 /Users/Arkham/Sites/sn/protected/controllers/EmpresaController.php(30): EmpresaController->render()
#16 /Users/Arkham/yii/framework/web/actions/CInlineAction.php(50): EmpresaController->actionIndex()
#17 /Users/Arkham/yii/framework/web/CController.php(300): CInlineAction->runWithParams()
#18 /Users/Arkham/yii/framework/web/CController.php(278): EmpresaController->runAction()
#19 /Users/Arkham/yii/framework/web/CController.php(257): EmpresaController->runActionWithFilters()
#20 /Users/Arkham/yii/framework/web/CWebApplication.php(277): EmpresaController->run()
#21 /Users/Arkham/yii/framework/web/CWebApplication.php(136): CWebApplication->runController()
#22 /Users/Arkham/yii/framework/base/CApplication.php(158): CWebApplication->processRequest()
#23 /Users/Arkham/Sites/sn/index.php(13): CWebApplication->run()
REQUEST_URI=/~arkham/sn/index.php/empresa/index
in /Users/Arkham/Sites/sn/protected/views/empresa/_view.php (3)
in /Users/Arkham/Sites/sn/protected/views/empresa/index.php (3)
in /Users/Arkham/Sites/sn/protected/controllers/EmpresaController.php (30)
2013/05/01 21:21:38 [error] [exception.CException] exception 'CException' with message 'Property "CMenu.0" is not defined.' in /Users/Arkham/yii/framework/base/CComponent.php:174
Stack trace:
#0 /Users/Arkham/yii/framework/web/CWidgetFactory.php(162): CComponent->__set('0', Array)
#1 /Users/Arkham/yii/framework/web/CBaseController.php(139): CWidgetFactory->createWidget(Object(EmpresaController), 'zii.widgets.CMe...', Array)
#2 /Users/Arkham/yii/framework/web/CBaseController.php(165): CBaseController->createWidget('zii.widgets.CMe...', Array)
#3 /Users/Arkham/Sites/sn/protected/views/layouts/colu2.php(14): CBaseController->widget('zii.widgets.CMe...', Array)
#4 /Users/Arkham/yii/framework/web/CBaseController.php(119): require('/Users/Arkham/S...')
#5 /Users/Arkham/yii/framework/web/CBaseController.php(88): CBaseController->renderInternal('/Users/Arkham/S...', Array, true)
#6 /Users/Arkham/yii/framework/web/CController.php(781): CBaseController->renderFile('/Users/Arkham/S...', Array, true)
#7 /Users/Arkham/Sites/sn/protected/controllers/EmpresaController.php(28): CController->render('index', Array)
#8 /Users/Arkham/yii/framework/web/actions/CInlineAction.php(50): EmpresaController->actionIndex()
#9 /Users/Arkham/yii/framework/web/CController.php(300): CInlineAction->runWithParams(Array)
#10 /Users/Arkham/yii/framework/web/CController.php(278): CController->runAction(Object(CInlineAction))
#11 /Users/Arkham/yii/framework/web/CController.php(257): CController->runActionWithFilters(Object(CInlineAction), Array)
#12 /Users/Arkham/yii/framework/web/CWebApplication.php(277): CController->run('index')
#13 /Users/Arkham/yii/framework/web/CWebApplication.php(136): CWebApplication->runController('empresa/index')
#14 /Users/Arkham/yii/framework/base/CApplication.php(158): CWebApplication->processRequest()
#15 /Users/Arkham/Sites/sn/index.php(13): CApplication->run()
#16 {main} REQUEST_URI=/~arkham/sn/index.php/empresa/index
2013/05/01 21:23:08 [error] [exception.CException] exception 'CException' with message 'Property "CMenu.0" is not defined.' in /Users/Arkham/yii/framework/base/CComponent.php:174
Stack trace:
#0 /Users/Arkham/yii/framework/web/CWidgetFactory.php(162): CComponent->__set('0', Array)
#1 /Users/Arkham/yii/framework/web/CBaseController.php(139): CWidgetFactory->createWidget(Object(EmpresaController), 'zii.widgets.CMe...', Array)
#2 /Users/Arkham/yii/framework/web/CBaseController.php(165): CBaseController->createWidget('zii.widgets.CMe...', Array)
#3 /Users/Arkham/Sites/sn/protected/views/layouts/colu2.php(14): CBaseController->widget('zii.widgets.CMe...', Array)
#4 /Users/Arkham/yii/framework/web/CBaseController.php(119): require('/Users/Arkham/S...')
#5 /Users/Arkham/yii/framework/web/CBaseController.php(88): CBaseController->renderInternal('/Users/Arkham/S...', Array, true)
#6 /Users/Arkham/yii/framework/web/CController.php(781): CBaseController->renderFile('/Users/Arkham/S...', Array, true)
#7 /Users/Arkham/Sites/sn/protected/controllers/EmpresaController.php(28): CController->render('index', Array)
#8 /Users/Arkham/yii/framework/web/actions/CInlineAction.php(50): EmpresaController->actionIndex()
#9 /Users/Arkham/yii/framework/web/CController.php(300): CInlineAction->runWithParams(Array)
#10 /Users/Arkham/yii/framework/web/CController.php(278): CController->runAction(Object(CInlineAction))
#11 /Users/Arkham/yii/framework/web/CController.php(257): CController->runActionWithFilters(Object(CInlineAction), Array)
#12 /Users/Arkham/yii/framework/web/CWebApplication.php(277): CController->run('index')
#13 /Users/Arkham/yii/framework/web/CWebApplication.php(136): CWebApplication->runController('empresa/index')
#14 /Users/Arkham/yii/framework/base/CApplication.php(158): CWebApplication->processRequest()
#15 /Users/Arkham/Sites/sn/index.php(13): CApplication->run()
#16 {main} REQUEST_URI=/~arkham/sn/index.php/empresa/index
2013/05/01 21:23:44 [error] [exception.CException] exception 'CException' with message 'Property "CMenu.0" is not defined.' in /Users/Arkham/yii/framework/base/CComponent.php:174
Stack trace:
#0 /Users/Arkham/yii/framework/web/CWidgetFactory.php(162): CComponent->__set('0', Array)
#1 /Users/Arkham/yii/framework/web/CBaseController.php(139): CWidgetFactory->createWidget(Object(EmpresaController), 'zii.widgets.CMe...', Array)
#2 /Users/Arkham/yii/framework/web/CBaseController.php(165): CBaseController->createWidget('zii.widgets.CMe...', Array)
#3 /Users/Arkham/Sites/sn/protected/views/layouts/colu2.php(14): CBaseController->widget('zii.widgets.CMe...', Array)
#4 /Users/Arkham/yii/framework/web/CBaseController.php(119): require('/Users/Arkham/S...')
#5 /Users/Arkham/yii/framework/web/CBaseController.php(88): CBaseController->renderInternal('/Users/Arkham/S...', Array, true)
#6 /Users/Arkham/yii/framework/web/CController.php(781): CBaseController->renderFile('/Users/Arkham/S...', Array, true)
#7 /Users/Arkham/Sites/sn/protected/controllers/EmpresaController.php(28): CController->render('index', Array)
#8 /Users/Arkham/yii/framework/web/actions/CInlineAction.php(50): EmpresaController->actionIndex()
#9 /Users/Arkham/yii/framework/web/CController.php(300): CInlineAction->runWithParams(Array)
#10 /Users/Arkham/yii/framework/web/CController.php(278): CController->runAction(Object(CInlineAction))
#11 /Users/Arkham/yii/framework/web/CController.php(257): CController->runActionWithFilters(Object(CInlineAction), Array)
#12 /Users/Arkham/yii/framework/web/CWebApplication.php(277): CController->run('index')
#13 /Users/Arkham/yii/framework/web/CWebApplication.php(136): CWebApplication->runController('empresa/index')
#14 /Users/Arkham/yii/framework/base/CApplication.php(158): CWebApplication->processRequest()
#15 /Users/Arkham/Sites/sn/index.php(13): CApplication->run()
#16 {main} REQUEST_URI=/~arkham/sn/index.php/empresa/index
2013/05/01 21:26:15 [error] [exception.CException] exception 'CException' with message 'Property "CMenu.0" is not defined.' in /Users/Arkham/yii/framework/base/CComponent.php:174
Stack trace:
#0 /Users/Arkham/yii/framework/web/CWidgetFactory.php(162): CComponent->__set('0', Array)
#1 /Users/Arkham/yii/framework/web/CBaseController.php(139): CWidgetFactory->createWidget(Object(EmpresaController), 'zii.widgets.CMe...', Array)
#2 /Users/Arkham/yii/framework/web/CBaseController.php(165): CBaseController->createWidget('zii.widgets.CMe...', Array)
#3 /Users/Arkham/Sites/sn/protected/views/layouts/colu2.php(14): CBaseController->widget('zii.widgets.CMe...', Array)
#4 /Users/Arkham/yii/framework/web/CBaseController.php(119): require('/Users/Arkham/S...')
#5 /Users/Arkham/yii/framework/web/CBaseController.php(88): CBaseController->renderInternal('/Users/Arkham/S...', Array, true)
#6 /Users/Arkham/yii/framework/web/CController.php(781): CBaseController->renderFile('/Users/Arkham/S...', Array, true)
#7 /Users/Arkham/Sites/sn/protected/controllers/EmpresaController.php(28): CController->render('index', Array)
#8 /Users/Arkham/yii/framework/web/actions/CInlineAction.php(50): EmpresaController->actionIndex()
#9 /Users/Arkham/yii/framework/web/CController.php(300): CInlineAction->runWithParams(Array)
#10 /Users/Arkham/yii/framework/web/CController.php(278): CController->runAction(Object(CInlineAction))
#11 /Users/Arkham/yii/framework/web/CController.php(257): CController->runActionWithFilters(Object(CInlineAction), Array)
#12 /Users/Arkham/yii/framework/web/CWebApplication.php(277): CController->run('index')
#13 /Users/Arkham/yii/framework/web/CWebApplication.php(136): CWebApplication->runController('empresa/index')
#14 /Users/Arkham/yii/framework/base/CApplication.php(158): CWebApplication->processRequest()
#15 /Users/Arkham/Sites/sn/index.php(13): CApplication->run()
#16 {main} REQUEST_URI=/~arkham/sn/index.php/empresa/index
2013/05/01 21:26:20 [error] [exception.CException] exception 'CException' with message 'Property "CMenu.0" is not defined.' in /Users/Arkham/yii/framework/base/CComponent.php:174
Stack trace:
#0 /Users/Arkham/yii/framework/web/CWidgetFactory.php(162): CComponent->__set('0', Array)
#1 /Users/Arkham/yii/framework/web/CBaseController.php(139): CWidgetFactory->createWidget(Object(EmpresaController), 'zii.widgets.CMe...', Array)
#2 /Users/Arkham/yii/framework/web/CBaseController.php(165): CBaseController->createWidget('zii.widgets.CMe...', Array)
#3 /Users/Arkham/Sites/sn/protected/views/layouts/colu2.php(14): CBaseController->widget('zii.widgets.CMe...', Array)
#4 /Users/Arkham/yii/framework/web/CBaseController.php(119): require('/Users/Arkham/S...')
#5 /Users/Arkham/yii/framework/web/CBaseController.php(88): CBaseController->renderInternal('/Users/Arkham/S...', Array, true)
#6 /Users/Arkham/yii/framework/web/CController.php(781): CBaseController->renderFile('/Users/Arkham/S...', Array, true)
#7 /Users/Arkham/Sites/sn/protected/controllers/EmpresaController.php(28): CController->render('index', Array)
#8 /Users/Arkham/yii/framework/web/actions/CInlineAction.php(50): EmpresaController->actionIndex()
#9 /Users/Arkham/yii/framework/web/CController.php(300): CInlineAction->runWithParams(Array)
#10 /Users/Arkham/yii/framework/web/CController.php(278): CController->runAction(Object(CInlineAction))
#11 /Users/Arkham/yii/framework/web/CController.php(257): CController->runActionWithFilters(Object(CInlineAction), Array)
#12 /Users/Arkham/yii/framework/web/CWebApplication.php(277): CController->run('index')
#13 /Users/Arkham/yii/framework/web/CWebApplication.php(136): CWebApplication->runController('empresa/index')
#14 /Users/Arkham/yii/framework/base/CApplication.php(158): CWebApplication->processRequest()
#15 /Users/Arkham/Sites/sn/index.php(13): CApplication->run()
#16 {main} REQUEST_URI=/~arkham/sn/index.php/empresa/index
2013/05/01 21:26:33 [error] [exception.CException] exception 'CException' with message 'Property "CMenu.0" is not defined.' in /Users/Arkham/yii/framework/base/CComponent.php:174
Stack trace:
#0 /Users/Arkham/yii/framework/web/CWidgetFactory.php(162): CComponent->__set('0', Array)
#1 /Users/Arkham/yii/framework/web/CBaseController.php(139): CWidgetFactory->createWidget(Object(EmpresaController), 'zii.widgets.CMe...', Array)
#2 /Users/Arkham/yii/framework/web/CBaseController.php(165): CBaseController->createWidget('zii.widgets.CMe...', Array)
#3 /Users/Arkham/Sites/sn/protected/views/layouts/colu2.php(14): CBaseController->widget('zii.widgets.CMe...', Array)
#4 /Users/Arkham/yii/framework/web/CBaseController.php(119): require('/Users/Arkham/S...')
#5 /Users/Arkham/yii/framework/web/CBaseController.php(88): CBaseController->renderInternal('/Users/Arkham/S...', Array, true)
#6 /Users/Arkham/yii/framework/web/CController.php(781): CBaseController->renderFile('/Users/Arkham/S...', Array, true)
#7 /Users/Arkham/Sites/sn/protected/controllers/EmpresaController.php(28): CController->render('index', Array)
#8 /Users/Arkham/yii/framework/web/actions/CInlineAction.php(50): EmpresaController->actionIndex()
#9 /Users/Arkham/yii/framework/web/CController.php(300): CInlineAction->runWithParams(Array)
#10 /Users/Arkham/yii/framework/web/CController.php(278): CController->runAction(Object(CInlineAction))
#11 /Users/Arkham/yii/framework/web/CController.php(257): CController->runActionWithFilters(Object(CInlineAction), Array)
#12 /Users/Arkham/yii/framework/web/CWebApplication.php(277): CController->run('index')
#13 /Users/Arkham/yii/framework/web/CWebApplication.php(136): CWebApplication->runController('empresa/index')
#14 /Users/Arkham/yii/framework/base/CApplication.php(158): CWebApplication->processRequest()
#15 /Users/Arkham/Sites/sn/index.php(13): CApplication->run()
#16 {main} REQUEST_URI=/~arkham/sn/index.php/empresa/index
2013/05/01 21:27:02 [error] [exception.CException] exception 'CException' with message 'Property "CMenu.0" is not defined.' in /Users/Arkham/yii/framework/base/CComponent.php:174
Stack trace:
#0 /Users/Arkham/yii/framework/web/CWidgetFactory.php(162): CComponent->__set('0', Array)
#1 /Users/Arkham/yii/framework/web/CBaseController.php(139): CWidgetFactory->createWidget(Object(EmpresaController), 'zii.widgets.CMe...', Array)
#2 /Users/Arkham/yii/framework/web/CBaseController.php(165): CBaseController->createWidget('zii.widgets.CMe...', Array)
#3 /Users/Arkham/Sites/sn/protected/views/layouts/colu2.php(14): CBaseController->widget('zii.widgets.CMe...', Array)
#4 /Users/Arkham/yii/framework/web/CBaseController.php(119): require('/Users/Arkham/S...')
#5 /Users/Arkham/yii/framework/web/CBaseController.php(88): CBaseController->renderInternal('/Users/Arkham/S...', Array, true)
#6 /Users/Arkham/yii/framework/web/CController.php(781): CBaseController->renderFile('/Users/Arkham/S...', Array, true)
#7 /Users/Arkham/Sites/sn/protected/controllers/EmpresaController.php(28): CController->render('index', Array)
#8 /Users/Arkham/yii/framework/web/actions/CInlineAction.php(50): EmpresaController->actionIndex()
#9 /Users/Arkham/yii/framework/web/CController.php(300): CInlineAction->runWithParams(Array)
#10 /Users/Arkham/yii/framework/web/CController.php(278): CController->runAction(Object(CInlineAction))
#11 /Users/Arkham/yii/framework/web/CController.php(257): CController->runActionWithFilters(Object(CInlineAction), Array)
#12 /Users/Arkham/yii/framework/web/CWebApplication.php(277): CController->run('index')
#13 /Users/Arkham/yii/framework/web/CWebApplication.php(136): CWebApplication->runController('empresa/index')
#14 /Users/Arkham/yii/framework/base/CApplication.php(158): CWebApplication->processRequest()
#15 /Users/Arkham/Sites/sn/index.php(13): CApplication->run()
#16 {main} REQUEST_URI=/~arkham/sn/index.php/empresa/index
2013/05/01 21:28:33 [error] [exception.CException] exception 'CException' with message 'Property "CMenu.0" is not defined.' in /Users/Arkham/yii/framework/base/CComponent.php:174
Stack trace:
#0 /Users/Arkham/yii/framework/web/CWidgetFactory.php(162): CComponent->__set('0', Array)
#1 /Users/Arkham/yii/framework/web/CBaseController.php(139): CWidgetFactory->createWidget(Object(EmpresaController), 'zii.widgets.CMe...', Array)
#2 /Users/Arkham/yii/framework/web/CBaseController.php(165): CBaseController->createWidget('zii.widgets.CMe...', Array)
#3 /Users/Arkham/Sites/sn/protected/views/layouts/colu2.php(14): CBaseController->widget('zii.widgets.CMe...', Array)
#4 /Users/Arkham/yii/framework/web/CBaseController.php(119): require('/Users/Arkham/S...')
#5 /Users/Arkham/yii/framework/web/CBaseController.php(88): CBaseController->renderInternal('/Users/Arkham/S...', Array, true)
#6 /Users/Arkham/yii/framework/web/CController.php(781): CBaseController->renderFile('/Users/Arkham/S...', Array, true)
#7 /Users/Arkham/Sites/sn/protected/controllers/EmpresaController.php(28): CController->render('index', Array)
#8 /Users/Arkham/yii/framework/web/actions/CInlineAction.php(50): EmpresaController->actionIndex()
#9 /Users/Arkham/yii/framework/web/CController.php(300): CInlineAction->runWithParams(Array)
#10 /Users/Arkham/yii/framework/web/CController.php(278): CController->runAction(Object(CInlineAction))
#11 /Users/Arkham/yii/framework/web/CController.php(257): CController->runActionWithFilters(Object(CInlineAction), Array)
#12 /Users/Arkham/yii/framework/web/CWebApplication.php(277): CController->run('index')
#13 /Users/Arkham/yii/framework/web/CWebApplication.php(136): CWebApplication->runController('empresa/index')
#14 /Users/Arkham/yii/framework/base/CApplication.php(158): CWebApplication->processRequest()
#15 /Users/Arkham/Sites/sn/index.php(13): CApplication->run()
#16 {main} REQUEST_URI=/~arkham/sn/index.php/empresa/index
2013/05/01 21:33:54 [error] [exception.CException] exception 'CException' with message 'Property "CMenu.0" is not defined.' in /Users/Arkham/yii/framework/base/CComponent.php:174
Stack trace:
#0 /Users/Arkham/yii/framework/web/CWidgetFactory.php(162): CComponent->__set('0', Array)
#1 /Users/Arkham/yii/framework/web/CBaseController.php(139): CWidgetFactory->createWidget(Object(EmpresaController), 'zii.widgets.CMe...', Array)
#2 /Users/Arkham/yii/framework/web/CBaseController.php(165): CBaseController->createWidget('zii.widgets.CMe...', Array)
#3 /Users/Arkham/Sites/sn/protected/views/layouts/colu2.php(14): CBaseController->widget('zii.widgets.CMe...', Array)
#4 /Users/Arkham/yii/framework/web/CBaseController.php(119): require('/Users/Arkham/S...')
#5 /Users/Arkham/yii/framework/web/CBaseController.php(88): CBaseController->renderInternal('/Users/Arkham/S...', Array, true)
#6 /Users/Arkham/yii/framework/web/CController.php(781): CBaseController->renderFile('/Users/Arkham/S...', Array, true)
#7 /Users/Arkham/Sites/sn/protected/controllers/EmpresaController.php(28): CController->render('index', Array)
#8 /Users/Arkham/yii/framework/web/actions/CInlineAction.php(50): EmpresaController->actionIndex()
#9 /Users/Arkham/yii/framework/web/CController.php(300): CInlineAction->runWithParams(Array)
#10 /Users/Arkham/yii/framework/web/CController.php(278): CController->runAction(Object(CInlineAction))
#11 /Users/Arkham/yii/framework/web/CController.php(257): CController->runActionWithFilters(Object(CInlineAction), Array)
#12 /Users/Arkham/yii/framework/web/CWebApplication.php(277): CController->run('index')
#13 /Users/Arkham/yii/framework/web/CWebApplication.php(136): CWebApplication->runController('empresa/index')
#14 /Users/Arkham/yii/framework/base/CApplication.php(158): CWebApplication->processRequest()
#15 /Users/Arkham/Sites/sn/index.php(13): CApplication->run()
#16 {main} REQUEST_URI=/~arkham/sn/index.php/empresa/index
2013/05/01 21:34:18 [error] [exception.CException] exception 'CException' with message 'Property "CMenu.0" is not defined.' in /Users/Arkham/yii/framework/base/CComponent.php:174
Stack trace:
#0 /Users/Arkham/yii/framework/web/CWidgetFactory.php(162): CComponent->__set('0', Array)
#1 /Users/Arkham/yii/framework/web/CBaseController.php(139): CWidgetFactory->createWidget(Object(EmpresaController), 'zii.widgets.CMe...', Array)
#2 /Users/Arkham/yii/framework/web/CBaseController.php(165): CBaseController->createWidget('zii.widgets.CMe...', Array)
#3 /Users/Arkham/Sites/sn/protected/views/layouts/colu2.php(14): CBaseController->widget('zii.widgets.CMe...', Array)
#4 /Users/Arkham/yii/framework/web/CBaseController.php(119): require('/Users/Arkham/S...')
#5 /Users/Arkham/yii/framework/web/CBaseController.php(88): CBaseController->renderInternal('/Users/Arkham/S...', Array, true)
#6 /Users/Arkham/yii/framework/web/CController.php(781): CBaseController->renderFile('/Users/Arkham/S...', Array, true)
#7 /Users/Arkham/Sites/sn/protected/controllers/EmpresaController.php(28): CController->render('index', Array)
#8 /Users/Arkham/yii/framework/web/actions/CInlineAction.php(50): EmpresaController->actionIndex()
#9 /Users/Arkham/yii/framework/web/CController.php(300): CInlineAction->runWithParams(Array)
#10 /Users/Arkham/yii/framework/web/CController.php(278): CController->runAction(Object(CInlineAction))
#11 /Users/Arkham/yii/framework/web/CController.php(257): CController->runActionWithFilters(Object(CInlineAction), Array)
#12 /Users/Arkham/yii/framework/web/CWebApplication.php(277): CController->run('index')
#13 /Users/Arkham/yii/framework/web/CWebApplication.php(136): CWebApplication->runController('empresa/index')
#14 /Users/Arkham/yii/framework/base/CApplication.php(158): CWebApplication->processRequest()
#15 /Users/Arkham/Sites/sn/index.php(13): CApplication->run()
#16 {main} REQUEST_URI=/~arkham/sn/index.php/empresa/index
2013/05/01 21:49:40 [error] [exception.CException] exception 'CException' with message 'Property "CMenu.0" is not defined.' in /Users/Arkham/yii/framework/base/CComponent.php:174
Stack trace:
#0 /Users/Arkham/yii/framework/web/CWidgetFactory.php(162): CComponent->__set('0', Array)
#1 /Users/Arkham/yii/framework/web/CBaseController.php(139): CWidgetFactory->createWidget(Object(EmpresaController), 'zii.widgets.CMe...', Array)
#2 /Users/Arkham/yii/framework/web/CBaseController.php(165): CBaseController->createWidget('zii.widgets.CMe...', Array)
#3 /Users/Arkham/Sites/sn/protected/views/layouts/colu2.php(14): CBaseController->widget('zii.widgets.CMe...', Array)
#4 /Users/Arkham/yii/framework/web/CBaseController.php(119): require('/Users/Arkham/S...')
#5 /Users/Arkham/yii/framework/web/CBaseController.php(88): CBaseController->renderInternal('/Users/Arkham/S...', Array, true)
#6 /Users/Arkham/yii/framework/web/CController.php(781): CBaseController->renderFile('/Users/Arkham/S...', Array, true)
#7 /Users/Arkham/Sites/sn/protected/controllers/EmpresaController.php(28): CController->render('index', Array)
#8 /Users/Arkham/yii/framework/web/actions/CInlineAction.php(50): EmpresaController->actionIndex()
#9 /Users/Arkham/yii/framework/web/CController.php(300): CInlineAction->runWithParams(Array)
#10 /Users/Arkham/yii/framework/web/CController.php(278): CController->runAction(Object(CInlineAction))
#11 /Users/Arkham/yii/framework/web/CController.php(257): CController->runActionWithFilters(Object(CInlineAction), Array)
#12 /Users/Arkham/yii/framework/web/CWebApplication.php(277): CController->run('index')
#13 /Users/Arkham/yii/framework/web/CWebApplication.php(136): CWebApplication->runController('empresa/index')
#14 /Users/Arkham/yii/framework/base/CApplication.php(158): CWebApplication->processRequest()
#15 /Users/Arkham/Sites/sn/index.php(13): CApplication->run()
#16 {main} REQUEST_URI=/~arkham/sn/index.php/empresa/index
2013/05/01 21:50:19 [error] [exception.CException] exception 'CException' with message 'Property "CMenu.0" is not defined.' in /Users/Arkham/yii/framework/base/CComponent.php:174
Stack trace:
#0 /Users/Arkham/yii/framework/web/CWidgetFactory.php(162): CComponent->__set('0', Array)
#1 /Users/Arkham/yii/framework/web/CBaseController.php(139): CWidgetFactory->createWidget(Object(EmpresaController), 'zii.widgets.CMe...', Array)
#2 /Users/Arkham/yii/framework/web/CBaseController.php(165): CBaseController->createWidget('zii.widgets.CMe...', Array)
#3 /Users/Arkham/Sites/sn/protected/views/layouts/colu2.php(14): CBaseController->widget('zii.widgets.CMe...', Array)
#4 /Users/Arkham/yii/framework/web/CBaseController.php(119): require('/Users/Arkham/S...')
#5 /Users/Arkham/yii/framework/web/CBaseController.php(88): CBaseController->renderInternal('/Users/Arkham/S...', Array, true)
#6 /Users/Arkham/yii/framework/web/CController.php(781): CBaseController->renderFile('/Users/Arkham/S...', Array, true)
#7 /Users/Arkham/Sites/sn/protected/controllers/EmpresaController.php(28): CController->render('index', Array)
#8 /Users/Arkham/yii/framework/web/actions/CInlineAction.php(50): EmpresaController->actionIndex()
#9 /Users/Arkham/yii/framework/web/CController.php(300): CInlineAction->runWithParams(Array)
#10 /Users/Arkham/yii/framework/web/CController.php(278): CController->runAction(Object(CInlineAction))
#11 /Users/Arkham/yii/framework/web/CController.php(257): CController->runActionWithFilters(Object(CInlineAction), Array)
#12 /Users/Arkham/yii/framework/web/CWebApplication.php(277): CController->run('index')
#13 /Users/Arkham/yii/framework/web/CWebApplication.php(136): CWebApplication->runController('empresa/index')
#14 /Users/Arkham/yii/framework/base/CApplication.php(158): CWebApplication->processRequest()
#15 /Users/Arkham/Sites/sn/index.php(13): CApplication->run()
#16 {main} REQUEST_URI=/~arkham/sn/index.php/empresa/index
2013/05/01 21:57:50 [error] [exception.CException] exception 'CException' with message 'Property "CMenu.0" is not defined.' in /Users/Arkham/yii/framework/base/CComponent.php:174
Stack trace:
#0 /Users/Arkham/yii/framework/web/CWidgetFactory.php(162): CComponent->__set('0', Array)
#1 /Users/Arkham/yii/framework/web/CBaseController.php(139): CWidgetFactory->createWidget(Object(EmpresaController), 'zii.widgets.CMe...', Array)
#2 /Users/Arkham/yii/framework/web/CBaseController.php(165): CBaseController->createWidget('zii.widgets.CMe...', Array)
#3 /Users/Arkham/Sites/sn/protected/views/layouts/colu2.php(14): CBaseController->widget('zii.widgets.CMe...', Array)
#4 /Users/Arkham/yii/framework/web/CBaseController.php(119): require('/Users/Arkham/S...')
#5 /Users/Arkham/yii/framework/web/CBaseController.php(88): CBaseController->renderInternal('/Users/Arkham/S...', Array, true)
#6 /Users/Arkham/yii/framework/web/CController.php(781): CBaseController->renderFile('/Users/Arkham/S...', Array, true)
#7 /Users/Arkham/Sites/sn/protected/controllers/EmpresaController.php(14): CController->render('hola', Array)
#8 /Users/Arkham/yii/framework/web/actions/CInlineAction.php(50): EmpresaController->actionHola()
#9 /Users/Arkham/yii/framework/web/CController.php(300): CInlineAction->runWithParams(Array)
#10 /Users/Arkham/yii/framework/web/CController.php(278): CController->runAction(Object(CInlineAction))
#11 /Users/Arkham/yii/framework/web/CController.php(257): CController->runActionWithFilters(Object(CInlineAction), Array)
#12 /Users/Arkham/yii/framework/web/CWebApplication.php(277): CController->run('hola')
#13 /Users/Arkham/yii/framework/web/CWebApplication.php(136): CWebApplication->runController('empresa/hola')
#14 /Users/Arkham/yii/framework/base/CApplication.php(158): CWebApplication->processRequest()
#15 /Users/Arkham/Sites/sn/index.php(13): CApplication->run()
#16 {main} REQUEST_URI=/~arkham/sn/index.php/empresa/hola
2013/05/01 21:58:44 [error] [exception.CException] exception 'CException' with message 'Property "CMenu.0" is not defined.' in /Users/Arkham/yii/framework/base/CComponent.php:174
Stack trace:
#0 /Users/Arkham/yii/framework/web/CWidgetFactory.php(162): CComponent->__set('0', Array)
#1 /Users/Arkham/yii/framework/web/CBaseController.php(139): CWidgetFactory->createWidget(Object(EmpresaController), 'zii.widgets.CMe...', Array)
#2 /Users/Arkham/yii/framework/web/CBaseController.php(165): CBaseController->createWidget('zii.widgets.CMe...', Array)
#3 /Users/Arkham/Sites/sn/protected/views/layouts/colu2.php(14): CBaseController->widget('zii.widgets.CMe...', Array)
#4 /Users/Arkham/yii/framework/web/CBaseController.php(119): require('/Users/Arkham/S...')
#5 /Users/Arkham/yii/framework/web/CBaseController.php(88): CBaseController->renderInternal('/Users/Arkham/S...', Array, true)
#6 /Users/Arkham/yii/framework/web/CController.php(781): CBaseController->renderFile('/Users/Arkham/S...', Array, true)
#7 /Users/Arkham/Sites/sn/protected/controllers/EmpresaController.php(28): CController->render('index', Array)
#8 /Users/Arkham/yii/framework/web/actions/CInlineAction.php(50): EmpresaController->actionIndex()
#9 /Users/Arkham/yii/framework/web/CController.php(300): CInlineAction->runWithParams(Array)
#10 /Users/Arkham/yii/framework/web/CController.php(278): CController->runAction(Object(CInlineAction))
#11 /Users/Arkham/yii/framework/web/CController.php(257): CController->runActionWithFilters(Object(CInlineAction), Array)
#12 /Users/Arkham/yii/framework/web/CWebApplication.php(277): CController->run('index')
#13 /Users/Arkham/yii/framework/web/CWebApplication.php(136): CWebApplication->runController('empresa/index')
#14 /Users/Arkham/yii/framework/base/CApplication.php(158): CWebApplication->processRequest()
#15 /Users/Arkham/Sites/sn/index.php(13): CApplication->run()
#16 {main} REQUEST_URI=/~arkham/sn/index.php/empresa/index
2013/05/01 21:59:58 [error] [exception.CException] exception 'CException' with message 'Property "CMenu.0" is not defined.' in /Users/Arkham/yii/framework/base/CComponent.php:174
Stack trace:
#0 /Users/Arkham/yii/framework/web/CWidgetFactory.php(162): CComponent->__set('0', Array)
#1 /Users/Arkham/yii/framework/web/CBaseController.php(139): CWidgetFactory->createWidget(Object(EmpresaController), 'zii.widgets.CMe...', Array)
#2 /Users/Arkham/yii/framework/web/CBaseController.php(165): CBaseController->createWidget('zii.widgets.CMe...', Array)
#3 /Users/Arkham/Sites/sn/protected/views/layouts/colu2.php(14): CBaseController->widget('zii.widgets.CMe...', Array)
#4 /Users/Arkham/yii/framework/web/CBaseController.php(119): require('/Users/Arkham/S...')
#5 /Users/Arkham/yii/framework/web/CBaseController.php(88): CBaseController->renderInternal('/Users/Arkham/S...', Array, true)
#6 /Users/Arkham/yii/framework/web/CController.php(781): CBaseController->renderFile('/Users/Arkham/S...', Array, true)
#7 /Users/Arkham/Sites/sn/protected/controllers/EmpresaController.php(28): CController->render('index', Array)
#8 /Users/Arkham/yii/framework/web/actions/CInlineAction.php(50): EmpresaController->actionIndex()
#9 /Users/Arkham/yii/framework/web/CController.php(300): CInlineAction->runWithParams(Array)
#10 /Users/Arkham/yii/framework/web/CController.php(278): CController->runAction(Object(CInlineAction))
#11 /Users/Arkham/yii/framework/web/CController.php(257): CController->runActionWithFilters(Object(CInlineAction), Array)
#12 /Users/Arkham/yii/framework/web/CWebApplication.php(277): CController->run('index')
#13 /Users/Arkham/yii/framework/web/CWebApplication.php(136): CWebApplication->runController('empresa/index')
#14 /Users/Arkham/yii/framework/base/CApplication.php(158): CWebApplication->processRequest()
#15 /Users/Arkham/Sites/sn/index.php(13): CApplication->run()
#16 {main} REQUEST_URI=/~arkham/sn/index.php/empresa/index
2013/05/01 22:00:48 [error] [exception.CException] exception 'CException' with message 'Property "CMenu.0" is not defined.' in /Users/Arkham/yii/framework/base/CComponent.php:174
Stack trace:
#0 /Users/Arkham/yii/framework/web/CWidgetFactory.php(162): CComponent->__set('0', Array)
#1 /Users/Arkham/yii/framework/web/CBaseController.php(139): CWidgetFactory->createWidget(Object(EmpresaController), 'zii.widgets.CMe...', Array)
#2 /Users/Arkham/yii/framework/web/CBaseController.php(165): CBaseController->createWidget('zii.widgets.CMe...', Array)
#3 /Users/Arkham/Sites/sn/protected/views/layouts/colu2.php(14): CBaseController->widget('zii.widgets.CMe...', Array)
#4 /Users/Arkham/yii/framework/web/CBaseController.php(119): require('/Users/Arkham/S...')
#5 /Users/Arkham/yii/framework/web/CBaseController.php(88): CBaseController->renderInternal('/Users/Arkham/S...', Array, true)
#6 /Users/Arkham/yii/framework/web/CController.php(781): CBaseController->renderFile('/Users/Arkham/S...', Array, true)
#7 /Users/Arkham/Sites/sn/protected/controllers/EmpresaController.php(28): CController->render('index', Array)
#8 /Users/Arkham/yii/framework/web/actions/CInlineAction.php(50): EmpresaController->actionIndex()
#9 /Users/Arkham/yii/framework/web/CController.php(300): CInlineAction->runWithParams(Array)
#10 /Users/Arkham/yii/framework/web/CController.php(278): CController->runAction(Object(CInlineAction))
#11 /Users/Arkham/yii/framework/web/CController.php(257): CController->runActionWithFilters(Object(CInlineAction), Array)
#12 /Users/Arkham/yii/framework/web/CWebApplication.php(277): CController->run('index')
#13 /Users/Arkham/yii/framework/web/CWebApplication.php(136): CWebApplication->runController('empresa/index')
#14 /Users/Arkham/yii/framework/base/CApplication.php(158): CWebApplication->processRequest()
#15 /Users/Arkham/Sites/sn/index.php(13): CApplication->run()
#16 {main} REQUEST_URI=/~arkham/sn/index.php/empresa/index
2013/05/01 22:01:28 [error] [exception.CException] exception 'CException' with message 'Property "CMenu.0" is not defined.' in /Users/Arkham/yii/framework/base/CComponent.php:174
Stack trace:
#0 /Users/Arkham/yii/framework/web/CWidgetFactory.php(162): CComponent->__set('0', Array)
#1 /Users/Arkham/yii/framework/web/CBaseController.php(139): CWidgetFactory->createWidget(Object(EmpresaController), 'zii.widgets.CMe...', Array)
#2 /Users/Arkham/yii/framework/web/CBaseController.php(165): CBaseController->createWidget('zii.widgets.CMe...', Array)
#3 /Users/Arkham/Sites/sn/protected/views/layouts/colu2.php(14): CBaseController->widget('zii.widgets.CMe...', Array)
#4 /Users/Arkham/yii/framework/web/CBaseController.php(119): require('/Users/Arkham/S...')
#5 /Users/Arkham/yii/framework/web/CBaseController.php(88): CBaseController->renderInternal('/Users/Arkham/S...', Array, true)
#6 /Users/Arkham/yii/framework/web/CController.php(781): CBaseController->renderFile('/Users/Arkham/S...', Array, true)
#7 /Users/Arkham/Sites/sn/protected/controllers/EmpresaController.php(28): CController->render('index', Array)
#8 /Users/Arkham/yii/framework/web/actions/CInlineAction.php(50): EmpresaController->actionIndex()
#9 /Users/Arkham/yii/framework/web/CController.php(300): CInlineAction->runWithParams(Array)
#10 /Users/Arkham/yii/framework/web/CController.php(278): CController->runAction(Object(CInlineAction))
#11 /Users/Arkham/yii/framework/web/CController.php(257): CController->runActionWithFilters(Object(CInlineAction), Array)
#12 /Users/Arkham/yii/framework/web/CWebApplication.php(277): CController->run('index')
#13 /Users/Arkham/yii/framework/web/CWebApplication.php(136): CWebApplication->runController('empresa/index')
#14 /Users/Arkham/yii/framework/base/CApplication.php(158): CWebApplication->processRequest()
#15 /Users/Arkham/Sites/sn/index.php(13): CApplication->run()
#16 {main} REQUEST_URI=/~arkham/sn/index.php/empresa/index
2013/05/01 22:03:33 [error] [exception.CException] exception 'CException' with message 'Property "CMenu.0" is not defined.' in /Users/Arkham/yii/framework/base/CComponent.php:174
Stack trace:
#0 /Users/Arkham/yii/framework/web/CWidgetFactory.php(162): CComponent->__set('0', Array)
#1 /Users/Arkham/yii/framework/web/CBaseController.php(139): CWidgetFactory->createWidget(Object(EmpresaController), 'zii.widgets.CMe...', Array)
#2 /Users/Arkham/yii/framework/web/CBaseController.php(165): CBaseController->createWidget('zii.widgets.CMe...', Array)
#3 /Users/Arkham/Sites/sn/protected/views/layouts/colu2.php(14): CBaseController->widget('zii.widgets.CMe...', Array)
#4 /Users/Arkham/yii/framework/web/CBaseController.php(119): require('/Users/Arkham/S...')
#5 /Users/Arkham/yii/framework/web/CBaseController.php(88): CBaseController->renderInternal('/Users/Arkham/S...', Array, true)
#6 /Users/Arkham/yii/framework/web/CController.php(781): CBaseController->renderFile('/Users/Arkham/S...', Array, true)
#7 /Users/Arkham/Sites/sn/protected/controllers/EmpresaController.php(28): CController->render('index', Array)
#8 /Users/Arkham/yii/framework/web/actions/CInlineAction.php(50): EmpresaController->actionIndex()
#9 /Users/Arkham/yii/framework/web/CController.php(300): CInlineAction->runWithParams(Array)
#10 /Users/Arkham/yii/framework/web/CController.php(278): CController->runAction(Object(CInlineAction))
#11 /Users/Arkham/yii/framework/web/CController.php(257): CController->runActionWithFilters(Object(CInlineAction), Array)
#12 /Users/Arkham/yii/framework/web/CWebApplication.php(277): CController->run('index')
#13 /Users/Arkham/yii/framework/web/CWebApplication.php(136): CWebApplication->runController('empresa/index')
#14 /Users/Arkham/yii/framework/base/CApplication.php(158): CWebApplication->processRequest()
#15 /Users/Arkham/Sites/sn/index.php(13): CApplication->run()
#16 {main} REQUEST_URI=/~arkham/sn/index.php/empresa/index
2013/05/01 22:03:43 [error] [exception.CException] exception 'CException' with message 'Property "CMenu.0" is not defined.' in /Users/Arkham/yii/framework/base/CComponent.php:174
Stack trace:
#0 /Users/Arkham/yii/framework/web/CWidgetFactory.php(162): CComponent->__set('0', Array)
#1 /Users/Arkham/yii/framework/web/CBaseController.php(139): CWidgetFactory->createWidget(Object(EmpresaController), 'zii.widgets.CMe...', Array)
#2 /Users/Arkham/yii/framework/web/CBaseController.php(165): CBaseController->createWidget('zii.widgets.CMe...', Array)
#3 /Users/Arkham/Sites/sn/protected/views/layouts/colu2.php(14): CBaseController->widget('zii.widgets.CMe...', Array)
#4 /Users/Arkham/yii/framework/web/CBaseController.php(119): require('/Users/Arkham/S...')
#5 /Users/Arkham/yii/framework/web/CBaseController.php(88): CBaseController->renderInternal('/Users/Arkham/S...', Array, true)
#6 /Users/Arkham/yii/framework/web/CController.php(781): CBaseController->renderFile('/Users/Arkham/S...', Array, true)
#7 /Users/Arkham/Sites/sn/protected/controllers/EmpresaController.php(14): CController->render('hola', Array)
#8 /Users/Arkham/yii/framework/web/actions/CInlineAction.php(50): EmpresaController->actionHola()
#9 /Users/Arkham/yii/framework/web/CController.php(300): CInlineAction->runWithParams(Array)
#10 /Users/Arkham/yii/framework/web/CController.php(278): CController->runAction(Object(CInlineAction))
#11 /Users/Arkham/yii/framework/web/CController.php(257): CController->runActionWithFilters(Object(CInlineAction), Array)
#12 /Users/Arkham/yii/framework/web/CWebApplication.php(277): CController->run('hola')
#13 /Users/Arkham/yii/framework/web/CWebApplication.php(136): CWebApplication->runController('empresa/hola')
#14 /Users/Arkham/yii/framework/base/CApplication.php(158): CWebApplication->processRequest()
#15 /Users/Arkham/Sites/sn/index.php(13): CApplication->run()
#16 {main} REQUEST_URI=/~arkham/sn/index.php/empresa/hola
2013/05/01 22:06:42 [error] [exception.CException] exception 'CException' with message 'Property "CMenu.0" is not defined.' in /Users/Arkham/yii/framework/base/CComponent.php:174
Stack trace:
#0 /Users/Arkham/yii/framework/web/CWidgetFactory.php(162): CComponent->__set('0', Array)
#1 /Users/Arkham/yii/framework/web/CBaseController.php(139): CWidgetFactory->createWidget(Object(EmpresaController), 'zii.widgets.CMe...', Array)
#2 /Users/Arkham/yii/framework/web/CBaseController.php(165): CBaseController->createWidget('zii.widgets.CMe...', Array)
#3 /Users/Arkham/Sites/sn/protected/views/layouts/colu2.php(14): CBaseController->widget('zii.widgets.CMe...', Array)
#4 /Users/Arkham/yii/framework/web/CBaseController.php(119): require('/Users/Arkham/S...')
#5 /Users/Arkham/yii/framework/web/CBaseController.php(88): CBaseController->renderInternal('/Users/Arkham/S...', Array, true)
#6 /Users/Arkham/yii/framework/web/CController.php(781): CBaseController->renderFile('/Users/Arkham/S...', Array, true)
#7 /Users/Arkham/Sites/sn/protected/controllers/EmpresaController.php(28): CController->render('index', Array)
#8 /Users/Arkham/yii/framework/web/actions/CInlineAction.php(50): EmpresaController->actionIndex()
#9 /Users/Arkham/yii/framework/web/CController.php(300): CInlineAction->runWithParams(Array)
#10 /Users/Arkham/yii/framework/web/CController.php(278): CController->runAction(Object(CInlineAction))
#11 /Users/Arkham/yii/framework/web/CController.php(257): CController->runActionWithFilters(Object(CInlineAction), Array)
#12 /Users/Arkham/yii/framework/web/CWebApplication.php(277): CController->run('index')
#13 /Users/Arkham/yii/framework/web/CWebApplication.php(136): CWebApplication->runController('empresa/index')
#14 /Users/Arkham/yii/framework/base/CApplication.php(158): CWebApplication->processRequest()
#15 /Users/Arkham/Sites/sn/index.php(13): CApplication->run()
#16 {main} REQUEST_URI=/~arkham/sn/index.php/empresa/index
2013/05/01 23:33:47 [error] [exception.CHttpException.404] exception 'CHttpException' with message 'The system is unable to find the requested action "create".' in /Users/Arkham/yii/framework/web/CController.php:477
Stack trace:
#0 /Users/Arkham/yii/framework/web/CController.php(262): CController->missingAction('create')
#1 /Users/Arkham/yii/framework/web/CWebApplication.php(277): CController->run('create')
#2 /Users/Arkham/yii/framework/web/CWebApplication.php(136): CWebApplication->runController('empresa/create')
#3 /Users/Arkham/yii/framework/base/CApplication.php(158): CWebApplication->processRequest()
#4 /Users/Arkham/Sites/sn/index.php(13): CApplication->run()
#5 {main} REQUEST_URI=/~arkham/sn/index.php/empresa/create
2013/05/01 23:35:00 [error] [exception.CHttpException.404] exception 'CHttpException' with message 'The system is unable to find the requested action "create".' in /Users/Arkham/yii/framework/web/CController.php:477
Stack trace:
#0 /Users/Arkham/yii/framework/web/CController.php(262): CController->missingAction('create')
#1 /Users/Arkham/yii/framework/web/CWebApplication.php(277): CController->run('create')
#2 /Users/Arkham/yii/framework/web/CWebApplication.php(136): CWebApplication->runController('empresa/create')
#3 /Users/Arkham/yii/framework/base/CApplication.php(158): CWebApplication->processRequest()
#4 /Users/Arkham/Sites/sn/index.php(13): CApplication->run()
#5 {main} REQUEST_URI=/~arkham/sn/index.php/empresa/create
2013/05/01 23:35:08 [error] [exception.CHttpException.404] exception 'CHttpException' with message 'The system is unable to find the requested action "admin".' in /Users/Arkham/yii/framework/web/CController.php:477
Stack trace:
#0 /Users/Arkham/yii/framework/web/CController.php(262): CController->missingAction('admin')
#1 /Users/Arkham/yii/framework/web/CWebApplication.php(277): CController->run('admin')
#2 /Users/Arkham/yii/framework/web/CWebApplication.php(136): CWebApplication->runController('empresa/admin')
#3 /Users/Arkham/yii/framework/base/CApplication.php(158): CWebApplication->processRequest()
#4 /Users/Arkham/Sites/sn/index.php(13): CApplication->run()
#5 {main} REQUEST_URI=/~arkham/sn/index.php/empresa/admin
2013/05/01 23:43:48 [error] [exception.CHttpException.404] exception 'CHttpException' with message 'The system is unable to find the requested action "create".' in /Users/Arkham/yii/framework/web/CController.php:477
Stack trace:
#0 /Users/Arkham/yii/framework/web/CController.php(262): CController->missingAction('create')
#1 /Users/Arkham/yii/framework/web/CWebApplication.php(277): CController->run('create')
#2 /Users/Arkham/yii/framework/web/CWebApplication.php(136): CWebApplication->runController('empresa/create')
#3 /Users/Arkham/yii/framework/base/CApplication.php(158): CWebApplication->processRequest()
#4 /Users/Arkham/Sites/sn/index.php(13): CApplication->run()
#5 {main} REQUEST_URI=/~arkham/sn/index.php/empresa/create
